<?xml version="1.0" encoding="UTF-8"?>
<testsuite xmlns:xsi="http://www.w3.org/2001/XMLSchema-instance" xsi:noNamespaceSchemaLocation="https://maven.apache.org/surefire/maven-surefire-plugin/xsd/surefire-test-report.xsd" name="testrunner.TestRunner" time="0.092" tests="1" errors="1" skipped="0" failures="0">
  <properties>
    <property name="java.specification.version" value="17"/>
    <property name="sun.jnu.encoding" value="UTF-8"/>
    <property name="java.class.path" value="/home/gudduboi/eclipse-workspace/ServiceNowPOC/target/test-classes:/home/gudduboi/eclipse-workspace/ServiceNowPOC/target/classes:/home/gudduboi/.m2/repository/io/cucumber/cucumber-java/7.20.1/cucumber-java-7.20.1.jar:/home/gudduboi/.m2/repository/io/cucumber/cucumber-core/7.20.1/cucumber-core-7.20.1.jar:/home/gudduboi/.m2/repository/io/cucumber/cucumber-gherkin/7.20.1/cucumber-gherkin-7.20.1.jar:/home/gudduboi/.m2/repository/io/cucumber/cucumber-gherkin-messages/7.20.1/cucumber-gherkin-messages-7.20.1.jar:/home/gudduboi/.m2/repository/io/cucumber/gherkin/28.0.0/gherkin-28.0.0.jar:/home/gudduboi/.m2/repository/io/cucumber/messages/24.1.0/messages-24.1.0.jar:/home/gudduboi/.m2/repository/io/cucumber/testng-xml-formatter/0.2.0/testng-xml-formatter-0.2.0.jar:/home/gudduboi/.m2/repository/io/cucumber/query/12.2.0/query-12.2.0.jar:/home/gudduboi/.m2/repository/io/cucumber/tag-expressions/6.1.0/tag-expressions-6.1.0.jar:/home/gudduboi/.m2/repository/io/cucumber/cucumber-expressions/17.1.0/cucumber-expressions-17.1.0.jar:/home/gudduboi/.m2/repository/io/cucumber/datatable/7.20.1/datatable-7.20.1.jar:/home/gudduboi/.m2/repository/io/cucumber/cucumber-plugin/7.20.1/cucumber-plugin-7.20.1.jar:/home/gudduboi/.m2/repository/io/cucumber/docstring/7.20.1/docstring-7.20.1.jar:/home/gudduboi/.m2/repository/io/cucumber/html-formatter/21.7.0/html-formatter-21.7.0.jar:/home/gudduboi/.m2/repository/io/cucumber/junit-xml-formatter/0.5.0/junit-xml-formatter-0.5.0.jar:/home/gudduboi/.m2/repository/io/cucumber/ci-environment/10.0.1/ci-environment-10.0.1.jar:/home/gudduboi/.m2/repository/org/apiguardian/apiguardian-api/1.1.2/apiguardian-api-1.1.2.jar:/home/gudduboi/.m2/repository/io/cucumber/cucumber-junit/7.20.1/cucumber-junit-7.20.1.jar:/home/gudduboi/.m2/repository/junit/junit/4.13.2/junit-4.13.2.jar:/home/gudduboi/.m2/repository/org/hamcrest/hamcrest-core/1.3/hamcrest-core-1.3.jar:/home/gudduboi/.m2/repository/com/microsoft/playwright/playwright/1.49.0/playwright-1.49.0.jar:/home/gudduboi/.m2/repository/com/google/code/gson/gson/2.11.0/gson-2.11.0.jar:/home/gudduboi/.m2/repository/com/google/errorprone/error_prone_annotations/2.27.0/error_prone_annotations-2.27.0.jar:/home/gudduboi/.m2/repository/org/opentest4j/opentest4j/1.3.0/opentest4j-1.3.0.jar:/home/gudduboi/.m2/repository/com/microsoft/playwright/driver/1.49.0/driver-1.49.0.jar:/home/gudduboi/.m2/repository/com/microsoft/playwright/driver-bundle/1.49.0/driver-bundle-1.49.0.jar:/home/gudduboi/.m2/repository/tech/grasshopper/extentreports-cucumber7-adapter/1.10.1/extentreports-cucumber7-adapter-1.10.1.jar:/home/gudduboi/.m2/repository/com/aventstack/extentreports/5.0.9/extentreports-5.0.9.jar:/home/gudduboi/.m2/repository/io/reactivex/rxjava3/rxjava/3.0.4/rxjava-3.0.4.jar:/home/gudduboi/.m2/repository/org/reactivestreams/reactive-streams/1.0.3/reactive-streams-1.0.3.jar:/home/gudduboi/.m2/repository/org/freemarker/freemarker/2.3.30/freemarker-2.3.30.jar:/home/gudduboi/.m2/repository/tech/grasshopper/extent-pdf-report/2.9.1/extent-pdf-report-2.9.1.jar:/home/gudduboi/.m2/repository/tech/grasshopper/cucumber-pdf-report/2.11.1/cucumber-pdf-report-2.11.1.jar:/home/gudduboi/.m2/repository/org/apache/pdfbox/pdfbox/2.0.26/pdfbox-2.0.26.jar:/home/gudduboi/.m2/repository/org/apache/pdfbox/fontbox/2.0.26/fontbox-2.0.26.jar:/home/gudduboi/.m2/repository/org/knowm/xchart/xchart/3.8.0/xchart-3.8.0.jar:/home/gudduboi/.m2/repository/de/erichseifert/vectorgraphics2d/VectorGraphics2D/0.13/VectorGraphics2D-0.13.jar:/home/gudduboi/.m2/repository/de/rototor/pdfbox/graphics2d/0.30/graphics2d-0.30.jar:/home/gudduboi/.m2/repository/com/madgag/animated-gif-lib/1.4/animated-gif-lib-1.4.jar:/home/gudduboi/.m2/repository/org/yaml/snakeyaml/1.28/snakeyaml-1.28.jar:/home/gudduboi/.m2/repository/tech/grasshopper/table-layout/1.5.1/table-layout-1.5.1.jar:/home/gudduboi/.m2/repository/tech/grasshopper/rest-assured-cucumber-pdf-report/1.4.1/rest-assured-cucumber-pdf-report-1.4.1.jar:/home/gudduboi/.m2/repository/org/jsoup/jsoup/1.15.3/jsoup-1.15.3.jar:/home/gudduboi/.m2/repository/com/aventstack/klov-reporter/5.0.9/klov-reporter-5.0.9.jar:/home/gudduboi/.m2/repository/org/mongodb/mongodb-driver/3.6.4/mongodb-driver-3.6.4.jar:/home/gudduboi/.m2/repository/org/mongodb/mongodb-driver-core/3.6.4/mongodb-driver-core-3.6.4.jar:/home/gudduboi/.m2/repository/org/mongodb/bson/3.6.4/bson-3.6.4.jar:/home/gudduboi/.m2/repository/org/apache/httpcomponents/httpclient/4.5.13/httpclient-4.5.13.jar:/home/gudduboi/.m2/repository/org/apache/httpcomponents/httpcore/4.4.13/httpcore-4.4.13.jar:/home/gudduboi/.m2/repository/commons-logging/commons-logging/1.2/commons-logging-1.2.jar:/home/gudduboi/.m2/repository/org/apache/httpcomponents/httpmime/4.5.13/httpmime-4.5.13.jar:/home/gudduboi/.m2/repository/tech/grasshopper/htmlextentreporter/1.0.1/htmlextentreporter-1.0.1.jar:/home/gudduboi/.m2/repository/tech/grasshopper/extent-excel-report/1.3.0/extent-excel-report-1.3.0.jar:/home/gudduboi/.m2/repository/org/apache/poi/poi-ooxml/5.2.3/poi-ooxml-5.2.3.jar:/home/gudduboi/.m2/repository/org/apache/poi/poi-ooxml-lite/5.2.3/poi-ooxml-lite-5.2.3.jar:/home/gudduboi/.m2/repository/org/apache/xmlbeans/xmlbeans/5.1.1/xmlbeans-5.1.1.jar:/home/gudduboi/.m2/repository/org/apache/commons/commons-compress/1.21/commons-compress-1.21.jar:/home/gudduboi/.m2/repository/com/github/virtuald/curvesapi/1.07/curvesapi-1.07.jar:/home/gudduboi/.m2/repository/org/projectlombok/lombok/1.18.22/lombok-1.18.22.jar:/home/gudduboi/.m2/repository/org/apache/poi/poi/5.2.3/poi-5.2.3.jar:/home/gudduboi/.m2/repository/commons-codec/commons-codec/1.15/commons-codec-1.15.jar:/home/gudduboi/.m2/repository/org/apache/commons/commons-collections4/4.4/commons-collections4-4.4.jar:/home/gudduboi/.m2/repository/org/apache/commons/commons-math3/3.6.1/commons-math3-3.6.1.jar:/home/gudduboi/.m2/repository/commons-io/commons-io/2.11.0/commons-io-2.11.0.jar:/home/gudduboi/.m2/repository/com/zaxxer/SparseBitSet/1.2/SparseBitSet-1.2.jar:/home/gudduboi/.m2/repository/org/apache/logging/log4j/log4j-api/2.18.0/log4j-api-2.18.0.jar:"/>
    <property name="java.vm.vendor" value="Oracle Corporation"/>
    <property name="sun.arch.data.model" value="64"/>
    <property name="java.vendor.url" value="https://java.oracle.com/"/>
    <property name="os.name" value="Linux"/>
    <property name="java.vm.specification.version" value="17"/>
    <property name="sun.java.launcher" value="SUN_STANDARD"/>
    <property name="user.country" value="IN"/>
    <property name="sun.boot.library.path" value="/usr/lib/jvm/java-17-jdk/lib"/>
    <property name="sun.java.command" value="/home/gudduboi/eclipse-workspace/ServiceNowPOC/target/surefire/surefirebooter14734459435878063747.jar /home/gudduboi/eclipse-workspace/ServiceNowPOC/target/surefire 2025-01-22T23-15-45_486-jvmRun1 surefire4620870159035607960tmp surefire_015860562343275202450tmp"/>
    <property name="jdk.debug" value="release"/>
    <property name="surefire.test.class.path" value="/home/gudduboi/eclipse-workspace/ServiceNowPOC/target/test-classes:/home/gudduboi/eclipse-workspace/ServiceNowPOC/target/classes:/home/gudduboi/.m2/repository/io/cucumber/cucumber-java/7.20.1/cucumber-java-7.20.1.jar:/home/gudduboi/.m2/repository/io/cucumber/cucumber-core/7.20.1/cucumber-core-7.20.1.jar:/home/gudduboi/.m2/repository/io/cucumber/cucumber-gherkin/7.20.1/cucumber-gherkin-7.20.1.jar:/home/gudduboi/.m2/repository/io/cucumber/cucumber-gherkin-messages/7.20.1/cucumber-gherkin-messages-7.20.1.jar:/home/gudduboi/.m2/repository/io/cucumber/gherkin/28.0.0/gherkin-28.0.0.jar:/home/gudduboi/.m2/repository/io/cucumber/messages/24.1.0/messages-24.1.0.jar:/home/gudduboi/.m2/repository/io/cucumber/testng-xml-formatter/0.2.0/testng-xml-formatter-0.2.0.jar:/home/gudduboi/.m2/repository/io/cucumber/query/12.2.0/query-12.2.0.jar:/home/gudduboi/.m2/repository/io/cucumber/tag-expressions/6.1.0/tag-expressions-6.1.0.jar:/home/gudduboi/.m2/repository/io/cucumber/cucumber-expressions/17.1.0/cucumber-expressions-17.1.0.jar:/home/gudduboi/.m2/repository/io/cucumber/datatable/7.20.1/datatable-7.20.1.jar:/home/gudduboi/.m2/repository/io/cucumber/cucumber-plugin/7.20.1/cucumber-plugin-7.20.1.jar:/home/gudduboi/.m2/repository/io/cucumber/docstring/7.20.1/docstring-7.20.1.jar:/home/gudduboi/.m2/repository/io/cucumber/html-formatter/21.7.0/html-formatter-21.7.0.jar:/home/gudduboi/.m2/repository/io/cucumber/junit-xml-formatter/0.5.0/junit-xml-formatter-0.5.0.jar:/home/gudduboi/.m2/repository/io/cucumber/ci-environment/10.0.1/ci-environment-10.0.1.jar:/home/gudduboi/.m2/repository/org/apiguardian/apiguardian-api/1.1.2/apiguardian-api-1.1.2.jar:/home/gudduboi/.m2/repository/io/cucumber/cucumber-junit/7.20.1/cucumber-junit-7.20.1.jar:/home/gudduboi/.m2/repository/junit/junit/4.13.2/junit-4.13.2.jar:/home/gudduboi/.m2/repository/org/hamcrest/hamcrest-core/1.3/hamcrest-core-1.3.jar:/home/gudduboi/.m2/repository/com/microsoft/playwright/playwright/1.49.0/playwright-1.49.0.jar:/home/gudduboi/.m2/repository/com/google/code/gson/gson/2.11.0/gson-2.11.0.jar:/home/gudduboi/.m2/repository/com/google/errorprone/error_prone_annotations/2.27.0/error_prone_annotations-2.27.0.jar:/home/gudduboi/.m2/repository/org/opentest4j/opentest4j/1.3.0/opentest4j-1.3.0.jar:/home/gudduboi/.m2/repository/com/microsoft/playwright/driver/1.49.0/driver-1.49.0.jar:/home/gudduboi/.m2/repository/com/microsoft/playwright/driver-bundle/1.49.0/driver-bundle-1.49.0.jar:/home/gudduboi/.m2/repository/tech/grasshopper/extentreports-cucumber7-adapter/1.10.1/extentreports-cucumber7-adapter-1.10.1.jar:/home/gudduboi/.m2/repository/com/aventstack/extentreports/5.0.9/extentreports-5.0.9.jar:/home/gudduboi/.m2/repository/io/reactivex/rxjava3/rxjava/3.0.4/rxjava-3.0.4.jar:/home/gudduboi/.m2/repository/org/reactivestreams/reactive-streams/1.0.3/reactive-streams-1.0.3.jar:/home/gudduboi/.m2/repository/org/freemarker/freemarker/2.3.30/freemarker-2.3.30.jar:/home/gudduboi/.m2/repository/tech/grasshopper/extent-pdf-report/2.9.1/extent-pdf-report-2.9.1.jar:/home/gudduboi/.m2/repository/tech/grasshopper/cucumber-pdf-report/2.11.1/cucumber-pdf-report-2.11.1.jar:/home/gudduboi/.m2/repository/org/apache/pdfbox/pdfbox/2.0.26/pdfbox-2.0.26.jar:/home/gudduboi/.m2/repository/org/apache/pdfbox/fontbox/2.0.26/fontbox-2.0.26.jar:/home/gudduboi/.m2/repository/org/knowm/xchart/xchart/3.8.0/xchart-3.8.0.jar:/home/gudduboi/.m2/repository/de/erichseifert/vectorgraphics2d/VectorGraphics2D/0.13/VectorGraphics2D-0.13.jar:/home/gudduboi/.m2/repository/de/rototor/pdfbox/graphics2d/0.30/graphics2d-0.30.jar:/home/gudduboi/.m2/repository/com/madgag/animated-gif-lib/1.4/animated-gif-lib-1.4.jar:/home/gudduboi/.m2/repository/org/yaml/snakeyaml/1.28/snakeyaml-1.28.jar:/home/gudduboi/.m2/repository/tech/grasshopper/table-layout/1.5.1/table-layout-1.5.1.jar:/home/gudduboi/.m2/repository/tech/grasshopper/rest-assured-cucumber-pdf-report/1.4.1/rest-assured-cucumber-pdf-report-1.4.1.jar:/home/gudduboi/.m2/repository/org/jsoup/jsoup/1.15.3/jsoup-1.15.3.jar:/home/gudduboi/.m2/repository/com/aventstack/klov-reporter/5.0.9/klov-reporter-5.0.9.jar:/home/gudduboi/.m2/repository/org/mongodb/mongodb-driver/3.6.4/mongodb-driver-3.6.4.jar:/home/gudduboi/.m2/repository/org/mongodb/mongodb-driver-core/3.6.4/mongodb-driver-core-3.6.4.jar:/home/gudduboi/.m2/repository/org/mongodb/bson/3.6.4/bson-3.6.4.jar:/home/gudduboi/.m2/repository/org/apache/httpcomponents/httpclient/4.5.13/httpclient-4.5.13.jar:/home/gudduboi/.m2/repository/org/apache/httpcomponents/httpcore/4.4.13/httpcore-4.4.13.jar:/home/gudduboi/.m2/repository/commons-logging/commons-logging/1.2/commons-logging-1.2.jar:/home/gudduboi/.m2/repository/org/apache/httpcomponents/httpmime/4.5.13/httpmime-4.5.13.jar:/home/gudduboi/.m2/repository/tech/grasshopper/htmlextentreporter/1.0.1/htmlextentreporter-1.0.1.jar:/home/gudduboi/.m2/repository/tech/grasshopper/extent-excel-report/1.3.0/extent-excel-report-1.3.0.jar:/home/gudduboi/.m2/repository/org/apache/poi/poi-ooxml/5.2.3/poi-ooxml-5.2.3.jar:/home/gudduboi/.m2/repository/org/apache/poi/poi-ooxml-lite/5.2.3/poi-ooxml-lite-5.2.3.jar:/home/gudduboi/.m2/repository/org/apache/xmlbeans/xmlbeans/5.1.1/xmlbeans-5.1.1.jar:/home/gudduboi/.m2/repository/org/apache/commons/commons-compress/1.21/commons-compress-1.21.jar:/home/gudduboi/.m2/repository/com/github/virtuald/curvesapi/1.07/curvesapi-1.07.jar:/home/gudduboi/.m2/repository/org/projectlombok/lombok/1.18.22/lombok-1.18.22.jar:/home/gudduboi/.m2/repository/org/apache/poi/poi/5.2.3/poi-5.2.3.jar:/home/gudduboi/.m2/repository/commons-codec/commons-codec/1.15/commons-codec-1.15.jar:/home/gudduboi/.m2/repository/org/apache/commons/commons-collections4/4.4/commons-collections4-4.4.jar:/home/gudduboi/.m2/repository/org/apache/commons/commons-math3/3.6.1/commons-math3-3.6.1.jar:/home/gudduboi/.m2/repository/commons-io/commons-io/2.11.0/commons-io-2.11.0.jar:/home/gudduboi/.m2/repository/com/zaxxer/SparseBitSet/1.2/SparseBitSet-1.2.jar:/home/gudduboi/.m2/repository/org/apache/logging/log4j/log4j-api/2.18.0/log4j-api-2.18.0.jar:"/>
    <property name="sun.cpu.endian" value="little"/>
    <property name="user.home" value="/home/gudduboi"/>
    <property name="user.language" value="en"/>
    <property name="java.specification.vendor" value="Oracle Corporation"/>
    <property name="java.version.date" value="2024-04-16"/>
    <property name="java.home" value="/usr/lib/jvm/java-17-jdk"/>
    <property name="file.separator" value="/"/>
    <property name="basedir" value="/home/gudduboi/eclipse-workspace/ServiceNowPOC"/>
    <property name="java.vm.compressedOopsMode" value="Zero based"/>
    <property name="line.separator" value="&#10;"/>
    <property name="java.vm.specification.vendor" value="Oracle Corporation"/>
    <property name="java.specification.name" value="Java Platform API Specification"/>
    <property name="surefire.real.class.path" value="/home/gudduboi/eclipse-workspace/ServiceNowPOC/target/surefire/surefirebooter14734459435878063747.jar"/>
    <property name="sun.management.compiler" value="HotSpot 64-Bit Tiered Compilers"/>
    <property name="java.runtime.version" value="17.0.11+7-LTS-207"/>
    <property name="user.name" value="gudduboi"/>
    <property name="path.separator" value=":"/>
    <property name="os.version" value="6.12.8-arch1-1"/>
    <property name="java.runtime.name" value="Java(TM) SE Runtime Environment"/>
    <property name="file.encoding" value="UTF-8"/>
    <property name="java.vm.name" value="Java HotSpot(TM) 64-Bit Server VM"/>
    <property name="localRepository" value="/home/gudduboi/.m2/repository"/>
    <property name="java.vendor.url.bug" value="https://bugreport.java.com/bugreport/"/>
    <property name="java.io.tmpdir" value="/tmp"/>
    <property name="java.version" value="17.0.11"/>
    <property name="user.dir" value="/home/gudduboi/eclipse-workspace/ServiceNowPOC"/>
    <property name="os.arch" value="amd64"/>
    <property name="java.vm.specification.name" value="Java Virtual Machine Specification"/>
    <property name="native.encoding" value="UTF-8"/>
    <property name="java.library.path" value="/usr/java/packages/lib:/usr/lib64:/lib64:/lib:/usr/lib"/>
    <property name="java.vm.info" value="mixed mode, sharing"/>
    <property name="java.vendor" value="Oracle Corporation"/>
    <property name="java.vm.version" value="17.0.11+7-LTS-207"/>
    <property name="sun.io.unicode.encoding" value="UnicodeLittle"/>
    <property name="java.class.version" value="61.0"/>
  </properties>
  <testcase name="initializationError" classname="testrunner.TestRunner" time="0.007">
    <error message="path must exist: /home/gudduboi/eclipse-workspace/ServiceNowPOC/src/test/resources/features" type="java.lang.IllegalArgumentException">java.lang.IllegalArgumentException: path must exist: /home/gudduboi/eclipse-workspace/ServiceNowPOC/src/test/resources/features
</error>
  </testcase>
</testsuite>